2022-11-01 15:19:18.761  INFO 2400 --- [restartedMain] edu.indra.cursos.MscursosApplication     : Starting MscursosApplication using Java 17.0.4.1 on DESKTOP-FGSGQS4 with PID 2400 (C:\Spring tools\git\spring_ms\mscursos\target\classes started by Victor in C:\Spring tools\git\spring_ms\mscursos)
2022-11-01 15:19:18.762  INFO 2400 --- [restartedMain] edu.indra.cursos.MscursosApplication     : No active profile set, falling back to 1 default profile: "default"
2022-11-01 15:19:18.808  INFO 2400 --- [restartedMain] .e.DevToolsPropertyDefaultsPostProcessor : Devtools property defaults active! Set 'spring.devtools.add-properties' to 'false' to disable
2022-11-01 15:19:18.808  INFO 2400 --- [restartedMain] .e.DevToolsPropertyDefaultsPostProcessor : For additional web related logging consider setting the 'logging.level.web' property to 'DEBUG'
2022-11-01 15:19:19.447  INFO 2400 --- [restartedMain] .s.d.r.c.RepositoryConfigurationDelegate : Bootstrapping Spring Data JPA repositories in DEFAULT mode.
2022-11-01 15:19:19.562  INFO 2400 --- [restartedMain] .s.d.r.c.RepositoryConfigurationDelegate : Finished Spring Data repository scanning in 108 ms. Found 1 JPA repository interfaces.
2022-11-01 15:19:19.743  INFO 2400 --- [restartedMain] o.s.cloud.context.scope.GenericScope     : BeanFactory id=4b3d5e30-ae6b-358a-a273-6efac1cb0c19
2022-11-01 15:19:20.186  INFO 2400 --- [restartedMain] o.s.b.w.embedded.tomcat.TomcatWebServer  : Tomcat initialized with port(s): 8082 (http)
2022-11-01 15:19:20.194  INFO 2400 --- [restartedMain] o.apache.catalina.core.StandardService   : Starting service [Tomcat]
2022-11-01 15:19:20.194  INFO 2400 --- [restartedMain] org.apache.catalina.core.StandardEngine  : Starting Servlet engine: [Apache Tomcat/9.0.68]
2022-11-01 15:19:20.273  INFO 2400 --- [restartedMain] o.a.c.c.C.[Tomcat].[localhost].[/]       : Initializing Spring embedded WebApplicationContext
2022-11-01 15:19:20.273  INFO 2400 --- [restartedMain] w.s.c.ServletWebServerApplicationContext : Root WebApplicationContext: initialization completed in 1465 ms
2022-11-01 15:19:20.386  INFO 2400 --- [restartedMain] o.hibernate.jpa.internal.util.LogHelper  : HHH000204: Processing PersistenceUnitInfo [name: default]
2022-11-01 15:19:20.428  INFO 2400 --- [restartedMain] org.hibernate.Version                    : HHH000412: Hibernate ORM core version 5.6.12.Final
2022-11-01 15:19:20.549  INFO 2400 --- [restartedMain] o.hibernate.annotations.common.Version   : HCANN000001: Hibernate Commons Annotations {5.1.2.Final}
2022-11-01 15:19:20.635  INFO 2400 --- [restartedMain] com.zaxxer.hikari.HikariDataSource       : HikariPool-1 - Starting...
2022-11-01 15:19:20.917  INFO 2400 --- [restartedMain] com.zaxxer.hikari.HikariDataSource       : HikariPool-1 - Start completed.
2022-11-01 15:19:20.932  INFO 2400 --- [restartedMain] org.hibernate.dialect.Dialect            : HHH000400: Using dialect: org.hibernate.dialect.MySQL8Dialect
2022-11-01 15:19:21.537  INFO 2400 --- [restartedMain] o.h.e.t.j.p.i.JtaPlatformInitiator       : HHH000490: Using JtaPlatform implementation: [org.hibernate.engine.transaction.jta.platform.internal.NoJtaPlatform]
2022-11-01 15:19:21.544  INFO 2400 --- [restartedMain] j.LocalContainerEntityManagerFactoryBean : Initialized JPA EntityManagerFactory for persistence unit 'default'
2022-11-01 15:19:21.858  WARN 2400 --- [restartedMain] JpaBaseConfiguration$JpaWebConfiguration : spring.jpa.open-in-view is enabled by default. Therefore, database queries may be performed during view rendering. Explicitly configure spring.jpa.open-in-view to disable this warning
2022-11-01 15:19:22.124  WARN 2400 --- [restartedMain] o.s.b.d.a.OptionalLiveReloadServer       : Unable to start LiveReload server
2022-11-01 15:19:22.193  INFO 2400 --- [restartedMain] DiscoveryClientOptionalArgsConfiguration : Eureka HTTP Client uses RestTemplate.
2022-11-01 15:19:22.286  WARN 2400 --- [restartedMain] iguration$LoadBalancerCaffeineWarnLogger : Spring Cloud LoadBalancer is currently working with the default cache. While this cache implementation is useful for development and tests, it's recommended to use Caffeine cache in production.You can switch to using Caffeine cache, by adding it and org.springframework.cache.caffeine.CaffeineCacheManager to the classpath.
2022-11-01 15:19:22.334  INFO 2400 --- [restartedMain] o.s.c.n.eureka.InstanceInfoFactory       : Setting initial instance status as: STARTING
2022-11-01 15:19:22.367  INFO 2400 --- [restartedMain] com.netflix.discovery.DiscoveryClient    : Initializing Eureka in region us-east-1
2022-11-01 15:19:22.371  INFO 2400 --- [restartedMain] c.n.d.s.r.aws.ConfigClusterResolver      : Resolving eureka endpoints via configuration
2022-11-01 15:19:22.394  INFO 2400 --- [restartedMain] com.netflix.discovery.DiscoveryClient    : Disable delta property : false
2022-11-01 15:19:22.394  INFO 2400 --- [restartedMain] com.netflix.discovery.DiscoveryClient    : Single vip registry refresh property : null
2022-11-01 15:19:22.394  INFO 2400 --- [restartedMain] com.netflix.discovery.DiscoveryClient    : Force full registry fetch : false
2022-11-01 15:19:22.394  INFO 2400 --- [restartedMain] com.netflix.discovery.DiscoveryClient    : Application is null : false
2022-11-01 15:19:22.394  INFO 2400 --- [restartedMain] com.netflix.discovery.DiscoveryClient    : Registered Applications size is zero : true
2022-11-01 15:19:22.395  INFO 2400 --- [restartedMain] com.netflix.discovery.DiscoveryClient    : Application version is -1: true
2022-11-01 15:19:22.395  INFO 2400 --- [restartedMain] com.netflix.discovery.DiscoveryClient    : Getting all instance registry info from the eureka server
2022-11-01 15:19:22.704  INFO 2400 --- [restartedMain] com.netflix.discovery.DiscoveryClient    : The response status is 200
2022-11-01 15:19:22.705  INFO 2400 --- [restartedMain] com.netflix.discovery.DiscoveryClient    : Starting heartbeat executor: renew interval is: 30
2022-11-01 15:19:22.708  INFO 2400 --- [restartedMain] c.n.discovery.InstanceInfoReplicator     : InstanceInfoReplicator onDemand update allowed rate per min is 4
2022-11-01 15:19:22.712  INFO 2400 --- [restartedMain] com.netflix.discovery.DiscoveryClient    : Discovery Client initialized at timestamp 1667312362711 with initial instances count: 0
2022-11-01 15:19:22.713  INFO 2400 --- [restartedMain] o.s.c.n.e.s.EurekaServiceRegistry        : Registering application MSCURSOS with eureka with status UP
2022-11-01 15:19:22.714  INFO 2400 --- [restartedMain] com.netflix.discovery.DiscoveryClient    : Saw local status change event StatusChangeEvent [timestamp=1667312362714, current=UP, previous=STARTING]
2022-11-01 15:19:22.715  INFO 2400 --- [DiscoveryClient-InstanceInfoReplicator-0] com.netflix.discovery.DiscoveryClient    : DiscoveryClient_MSCURSOS/mscursos:c3af28bc51cead92dc97940e565945b3: registering service...
2022-11-01 15:19:22.735  INFO 2400 --- [restartedMain] o.s.b.w.embedded.tomcat.TomcatWebServer  : Tomcat started on port(s): 8082 (http) with context path ''
2022-11-01 15:19:22.736  INFO 2400 --- [restartedMain] .s.c.n.e.s.EurekaAutoServiceRegistration : Updating port to 8082
2022-11-01 15:19:22.745  INFO 2400 --- [DiscoveryClient-InstanceInfoReplicator-0] com.netflix.discovery.DiscoveryClient    : DiscoveryClient_MSCURSOS/mscursos:c3af28bc51cead92dc97940e565945b3 - registration status: 204
2022-11-01 15:19:22.771  INFO 2400 --- [restartedMain] edu.indra.cursos.MscursosApplication     : Started MscursosApplication in 4.406 seconds (JVM running for 5.031)
